2023-07-10 20:32:06.143 [info] Extension host with pid 1260 started
2023-07-10 20:32:06.316 [info] Lock '/home/diefero/.vscode-server/data/User/workspaceStorage/ead903c30d85613452b6caf725fc0211/vscode.lock': Lock acquired.
2023-07-10 20:32:07.978 [info] ExtensionService#_doActivateExtension vscode.emmet, startup: false, activationEvent: 'onLanguage'
2023-07-10 20:32:07.983 [info] ExtensionService#_doActivateExtension vscode.html-language-features, startup: false, activationEvent: 'onLanguage:html'
2023-07-10 20:32:08.988 [info] ExtensionService#_doActivateExtension vscode.git-base, startup: true, activationEvent: '*', root cause: vscode.git
2023-07-10 20:32:09.727 [info] ExtensionService#_doActivateExtension vscode.git, startup: true, activationEvent: '*'
2023-07-10 20:32:09.729 [info] ExtensionService#_doActivateExtension vscode.github, startup: true, activationEvent: '*'
2023-07-10 20:32:10.783 [info] Eager extensions activated
2023-07-10 20:32:10.785 [info] ExtensionService#_doActivateExtension vscode.debug-auto-launch, startup: false, activationEvent: 'onStartupFinished'
2023-07-10 20:32:10.787 [info] ExtensionService#_doActivateExtension vscode.merge-conflict, startup: false, activationEvent: 'onStartupFinished'
2023-07-10 20:32:10.789 [info] ExtensionService#_doActivateExtension ritwickdey.LiveServer, startup: false, activationEvent: 'onStartupFinished'
2023-07-10 20:32:21.532 [error] Error: spawn Google Chrome Dev ENOENT
	at Process.ChildProcess._handle.onexit (node:internal/child_process:283:19)
	at onErrorNT (node:internal/child_process:478:16)
	at processTicksAndRejections (node:internal/process/task_queues:83:21)
2023-07-10 20:35:06.767 [info] ExtensionService#_doActivateExtension vscode.json-language-features, startup: false, activationEvent: 'onLanguage:jsonc'
2023-07-10 20:35:06.768 [info] ExtensionService#_doActivateExtension vscode.typescript-language-features, startup: false, activationEvent: 'onLanguage:jsonc'
2023-07-10 20:39:17.181 [info] Extension host terminating: received terminate message from renderer
2023-07-10 20:39:17.183 [info] Lock '/home/diefero/.vscode-server/data/User/workspaceStorage/ead903c30d85613452b6caf725fc0211/vscode.lock': Marking the lockfile as scheduled to be released in 6000 ms.
2023-07-10 20:39:17.429 [info] Extension host with pid 1260 exiting with code 0
