2023-07-13 18:02:44.825 [info] Log level: Info
2023-07-13 18:02:44.825 [info] Validating found git in: "git"
2023-07-13 18:02:44.825 [info] Using git "2.34.1" from "git"
2023-07-13 18:02:44.825 [info] > git rev-parse --show-toplevel [451ms]
2023-07-13 18:02:44.825 [info] > git rev-parse --git-dir --git-common-dir [31ms]
2023-07-13 18:02:44.825 [info] Open repository: /home/diefero
2023-07-13 18:02:44.825 [info] > git rev-parse --show-toplevel [42ms]
2023-07-13 18:02:45.129 [info] > git rev-parse --show-toplevel [306ms]
2023-07-13 18:02:45.152 [info] > git config --get commit.template [355ms]
2023-07-13 18:02:45.212 [info] > git rev-parse --show-toplevel [63ms]
2023-07-13 18:02:45.384 [info] > git for-each-ref --format=%(refname)%00%(upstream:short)%00%(objectname)%00%(upstream:track)%00%(upstream:remotename)%00%(upstream:remoteref) refs/heads/master refs/remotes/master [132ms]
2023-07-13 18:02:45.412 [info] > git rev-parse --show-toplevel [183ms]
2023-07-13 18:02:45.482 [info] > git rev-parse --show-toplevel [49ms]
2023-07-13 18:02:45.512 [info] > git check-ignore -v -z --stdin [57ms]
2023-07-13 18:02:45.591 [info] > git status -z -uall [181ms]
2023-07-13 18:02:45.591 [info] > git show --textconv :web.html [45ms]
2023-07-13 18:02:45.717 [info] > git ls-files --stage -- /home/diefero/web.html [128ms]
2023-07-13 18:02:45.943 [info] > git cat-file -s 3addfd36b9fabe9ad66d6338f5bc19adeca871cd [207ms]
2023-07-13 18:02:45.958 [info] > git config --get commit.template [248ms]
2023-07-13 18:02:45.982 [info] > git log --format=%H%n%aN%n%aE%n%at%n%ct%n%P%n%D%n%B -z -n120 -- /home/diefero/web.html [112ms]
2023-07-13 18:02:46.430 [info] > git for-each-ref --format=%(refname)%00%(upstream:short)%00%(objectname)%00%(upstream:track)%00%(upstream:remotename)%00%(upstream:remoteref) refs/heads/master refs/remotes/master [27ms]
2023-07-13 18:02:46.574 [info] > git status -z -uall [135ms]
2023-07-13 18:02:50.564 [info] > git config --get commit.template [6ms]
2023-07-13 18:02:50.594 [info] > git for-each-ref --format=%(refname)%00%(upstream:short)%00%(objectname)%00%(upstream:track)%00%(upstream:remotename)%00%(upstream:remoteref) refs/heads/master refs/remotes/master [8ms]
2023-07-13 18:02:50.702 [info] > git status -z -uall [91ms]
2023-07-13 18:02:55.743 [info] > git log --format=%H%n%aN%n%aE%n%at%n%ct%n%P%n%D%n%B -z -n120 -- /home/diefero/.bash_history [27ms]
2023-07-13 18:02:55.755 [info] > git config --get commit.template [15ms]
2023-07-13 18:02:55.782 [info] > git for-each-ref --format=%(refname)%00%(upstream:short)%00%(objectname)%00%(upstream:track)%00%(upstream:remotename)%00%(upstream:remoteref) refs/heads/master refs/remotes/master [3ms]
2023-07-13 18:02:55.892 [info] > git status -z -uall [82ms]
2023-07-13 18:02:56.044 [info] > git show --textconv :.bash_history [40ms]
2023-07-13 18:02:56.045 [info] > git ls-files --stage -- /home/diefero/.bash_history [29ms]
2023-07-13 18:02:56.073 [info] > git cat-file -s e0e62071d8ee09e5e002bc91510d3cda077490a5 [11ms]
2023-07-13 18:03:00.936 [info] > git config --get commit.template [6ms]
2023-07-13 18:03:00.962 [info] > git for-each-ref --format=%(refname)%00%(upstream:short)%00%(objectname)%00%(upstream:track)%00%(upstream:remotename)%00%(upstream:remoteref) refs/heads/master refs/remotes/master [5ms]
2023-07-13 18:03:01.036 [info] > git status -z -uall [61ms]
2023-07-13 18:03:06.091 [info] > git config --get commit.template [20ms]
2023-07-13 18:03:06.093 [info] > git for-each-ref --format=%(refname)%00%(upstream:short)%00%(objectname)%00%(upstream:track)%00%(upstream:remotename)%00%(upstream:remoteref) refs/heads/master refs/remotes/master [5ms]
2023-07-13 18:03:06.183 [info] > git status -z -uall [74ms]
2023-07-13 18:03:11.226 [info] > git config --get commit.template [2ms]
2023-07-13 18:03:11.245 [info] > git for-each-ref --format=%(refname)%00%(upstream:short)%00%(objectname)%00%(upstream:track)%00%(upstream:remotename)%00%(upstream:remoteref) refs/heads/master refs/remotes/master [3ms]
2023-07-13 18:03:11.447 [info] > git status -z -uall [172ms]
2023-07-13 18:03:14.230 [info] > git log --format=%H%n%aN%n%aE%n%at%n%ct%n%P%n%D%n%B -z -n120 -- /home/diefero/web.html [4ms]
2023-07-13 18:03:16.082 [info] > git log --format=%H%n%aN%n%aE%n%at%n%ct%n%P%n%D%n%B -z -n120 -- /home/diefero/.wget-hsts [14ms]
2023-07-13 18:03:16.545 [info] > git show --textconv :.wget-hsts [69ms]
2023-07-13 18:03:16.546 [info] > git ls-files --stage -- /home/diefero/.wget-hsts [50ms]
2023-07-13 18:03:16.614 [info] > git cat-file -s 3e783a94b516e6bcf37849538eccd0a698cda182 [29ms]
2023-07-13 18:03:16.617 [info] > git config --get commit.template [81ms]
2023-07-13 18:03:16.647 [info] > git for-each-ref --format=%(refname)%00%(upstream:short)%00%(objectname)%00%(upstream:track)%00%(upstream:remotename)%00%(upstream:remoteref) refs/heads/master refs/remotes/master [3ms]
2023-07-13 18:03:16.773 [info] > git status -z -uall [105ms]
2023-07-13 18:03:21.806 [info] > git config --get commit.template [7ms]
2023-07-13 18:03:21.819 [info] > git for-each-ref --format=%(refname)%00%(upstream:short)%00%(objectname)%00%(upstream:track)%00%(upstream:remotename)%00%(upstream:remoteref) refs/heads/master refs/remotes/master [2ms]
2023-07-13 18:03:22.008 [info] > git status -z -uall [175ms]
2023-07-13 18:03:22.205 [info] > git log --format=%H%n%aN%n%aE%n%at%n%ct%n%P%n%D%n%B -z -n120 -- /home/diefero/.sudo_as_admin_successful [3ms]
2023-07-13 18:03:22.596 [info] > git show --textconv :.sudo_as_admin_successful [13ms]
2023-07-13 18:03:22.600 [info] > git ls-files --stage -- /home/diefero/.sudo_as_admin_successful [6ms]
2023-07-13 18:03:22.614 [info] > git cat-file -s e69de29bb2d1d6434b8b29ae775ad8c2e48c5391 [3ms]
2023-07-13 18:03:24.416 [info] > git log --format=%H%n%aN%n%aE%n%at%n%ct%n%P%n%D%n%B -z -n120 -- /home/diefero/.wget-hsts [3ms]
2023-07-13 18:03:24.538 [info] > git show --textconv :.wget-hsts [15ms]
2023-07-13 18:03:24.541 [info] > git ls-files --stage -- /home/diefero/.wget-hsts [5ms]
2023-07-13 18:03:24.556 [info] > git cat-file -s 3e783a94b516e6bcf37849538eccd0a698cda182 [3ms]
2023-07-13 18:03:27.062 [info] > git config --get commit.template [11ms]
2023-07-13 18:03:27.063 [info] > git for-each-ref --format=%(refname)%00%(upstream:short)%00%(objectname)%00%(upstream:track)%00%(upstream:remotename)%00%(upstream:remoteref) refs/heads/master refs/remotes/master [4ms]
2023-07-13 18:03:27.128 [info] > git status -z -uall [56ms]
2023-07-13 18:03:29.892 [info] > git log --format=%H%n%aN%n%aE%n%at%n%ct%n%P%n%D%n%B -z -n120 -- /home/diefero/web.html [5ms]
2023-07-13 18:03:32.154 [info] > git config --get commit.template [10ms]
2023-07-13 18:03:32.157 [info] > git for-each-ref --format=%(refname)%00%(upstream:short)%00%(objectname)%00%(upstream:track)%00%(upstream:remotename)%00%(upstream:remoteref) refs/heads/master refs/remotes/master [2ms]
2023-07-13 18:03:32.211 [info] > git status -z -uall [46ms]
2023-07-13 18:03:32.792 [info] > git log --format=%H%n%aN%n%aE%n%at%n%ct%n%P%n%D%n%B -z -n120 -- /home/diefero/.sudo_as_admin_successful [14ms]
2023-07-13 18:03:32.962 [info] > git show --textconv :.sudo_as_admin_successful [12ms]
2023-07-13 18:03:32.966 [info] > git ls-files --stage -- /home/diefero/.sudo_as_admin_successful [7ms]
2023-07-13 18:03:32.987 [info] > git cat-file -s e69de29bb2d1d6434b8b29ae775ad8c2e48c5391 [2ms]
2023-07-13 18:03:34.104 [info] > git log --format=%H%n%aN%n%aE%n%at%n%ct%n%P%n%D%n%B -z -n120 -- /home/diefero/.python_history [5ms]
2023-07-13 18:03:34.332 [info] > git show --textconv :.python_history [12ms]
2023-07-13 18:03:34.337 [info] > git ls-files --stage -- /home/diefero/.python_history [6ms]
2023-07-13 18:03:34.348 [info] > git cat-file -s 89c6277607ace03a4c8bd1c8485a807e366690c0 [2ms]
2023-07-13 18:03:36.517 [info] > git log --format=%H%n%aN%n%aE%n%at%n%ct%n%P%n%D%n%B -z -n120 -- /home/diefero/.profile [4ms]
2023-07-13 18:03:36.730 [info] > git ls-files --stage -- /home/diefero/.profile [21ms]
2023-07-13 18:03:36.766 [info] > git show --textconv :.profile [67ms]
2023-07-13 18:03:36.769 [info] > git cat-file -s d89ea5a6e83a2956d7461b547fa0d7d68103b9c9 [29ms]
2023-07-13 18:03:37.231 [info] > git config --get commit.template [4ms]
2023-07-13 18:03:37.248 [info] > git for-each-ref --format=%(refname)%00%(upstream:short)%00%(objectname)%00%(upstream:track)%00%(upstream:remotename)%00%(upstream:remoteref) refs/heads/master refs/remotes/master [2ms]
2023-07-13 18:03:37.309 [info] > git status -z -uall [50ms]
2023-07-13 18:03:39.244 [info] > git log --format=%H%n%aN%n%aE%n%at%n%ct%n%P%n%D%n%B -z -n120 -- /home/diefero/.motd_shown [3ms]
2023-07-13 18:03:39.450 [info] > git show --textconv :.motd_shown [17ms]
2023-07-13 18:03:39.460 [info] > git ls-files --stage -- /home/diefero/.motd_shown [13ms]
2023-07-13 18:03:39.470 [info] > git cat-file -s e69de29bb2d1d6434b8b29ae775ad8c2e48c5391 [2ms]
2023-07-13 18:03:41.554 [info] > git log --format=%H%n%aN%n%aE%n%at%n%ct%n%P%n%D%n%B -z -n120 -- /home/diefero/.bash_logout [6ms]
2023-07-13 18:03:41.741 [info] > git show --textconv :.bash_logout [15ms]
2023-07-13 18:03:41.746 [info] > git ls-files --stage -- /home/diefero/.bash_logout [10ms]
2023-07-13 18:03:41.758 [info] > git cat-file -s de4f5f75d7ccd3a5b62bd2ce683ed678a5cb72c2 [3ms]
2023-07-13 18:03:42.327 [info] > git config --get commit.template [2ms]
2023-07-13 18:03:42.349 [info] > git for-each-ref --format=%(refname)%00%(upstream:short)%00%(objectname)%00%(upstream:track)%00%(upstream:remotename)%00%(upstream:remoteref) refs/heads/master refs/remotes/master [2ms]
2023-07-13 18:03:42.412 [info] > git status -z -uall [53ms]
2023-07-13 18:03:46.292 [info] > git log --format=%H%n%aN%n%aE%n%at%n%ct%n%P%n%D%n%B -z -n120 -- /home/diefero/.bashrc [2ms]
2023-07-13 18:03:46.464 [info] > git show --textconv :.bashrc [28ms]
2023-07-13 18:03:46.470 [info] > git ls-files --stage -- /home/diefero/.bashrc [11ms]
2023-07-13 18:03:46.486 [info] > git cat-file -s b488fcc4cee656840d7a756298456eaa243b3e46 [3ms]
2023-07-13 18:03:47.435 [info] > git config --get commit.template [3ms]
2023-07-13 18:03:47.454 [info] > git for-each-ref --format=%(refname)%00%(upstream:short)%00%(objectname)%00%(upstream:track)%00%(upstream:remotename)%00%(upstream:remoteref) refs/heads/master refs/remotes/master [3ms]
2023-07-13 18:03:47.592 [info] > git status -z -uall [124ms]
2023-07-13 18:03:47.594 [info] > git log --format=%H%n%aN%n%aE%n%at%n%ct%n%P%n%D%n%B -z -n120 -- /home/diefero/web.html [7ms]
2023-07-13 18:03:52.658 [info] > git config --get commit.template [16ms]
2023-07-13 18:03:52.659 [info] > git for-each-ref --format=%(refname)%00%(upstream:short)%00%(objectname)%00%(upstream:track)%00%(upstream:remotename)%00%(upstream:remoteref) refs/heads/master refs/remotes/master [4ms]
2023-07-13 18:03:52.737 [info] > git status -z -uall [66ms]
2023-07-13 18:03:57.763 [info] > git config --get commit.template [4ms]
2023-07-13 18:03:57.781 [info] > git for-each-ref --format=%(refname)%00%(upstream:short)%00%(objectname)%00%(upstream:track)%00%(upstream:remotename)%00%(upstream:remoteref) refs/heads/master refs/remotes/master [2ms]
2023-07-13 18:03:57.842 [info] > git status -z -uall [48ms]
2023-07-13 18:04:02.884 [info] > git config --get commit.template [19ms]
2023-07-13 18:04:02.885 [info] > git for-each-ref --format=%(refname)%00%(upstream:short)%00%(objectname)%00%(upstream:track)%00%(upstream:remotename)%00%(upstream:remoteref) refs/heads/master refs/remotes/master [3ms]
2023-07-13 18:04:02.947 [info] > git status -z -uall [49ms]
2023-07-13 18:04:07.985 [info] > git config --get commit.template [16ms]
2023-07-13 18:04:07.987 [info] > git for-each-ref --format=%(refname)%00%(upstream:short)%00%(objectname)%00%(upstream:track)%00%(upstream:remotename)%00%(upstream:remoteref) refs/heads/master refs/remotes/master [3ms]
2023-07-13 18:04:08.058 [info] > git status -z -uall [59ms]
2023-07-13 18:04:13.084 [info] > git config --get commit.template [4ms]
2023-07-13 18:04:13.100 [info] > git for-each-ref --format=%(refname)%00%(upstream:short)%00%(objectname)%00%(upstream:track)%00%(upstream:remotename)%00%(upstream:remoteref) refs/heads/master refs/remotes/master [3ms]
2023-07-13 18:04:13.181 [info] > git status -z -uall [66ms]
2023-07-13 18:04:18.218 [info] > git config --get commit.template [17ms]
2023-07-13 18:04:18.220 [info] > git for-each-ref --format=%(refname)%00%(upstream:short)%00%(objectname)%00%(upstream:track)%00%(upstream:remotename)%00%(upstream:remoteref) refs/heads/master refs/remotes/master [4ms]
2023-07-13 18:04:18.278 [info] > git status -z -uall [47ms]
2023-07-13 18:04:23.305 [info] > git config --get commit.template [6ms]
2023-07-13 18:04:23.322 [info] > git for-each-ref --format=%(refname)%00%(upstream:short)%00%(objectname)%00%(upstream:track)%00%(upstream:remotename)%00%(upstream:remoteref) refs/heads/master refs/remotes/master [3ms]
2023-07-13 18:04:23.406 [info] > git status -z -uall [71ms]
2023-07-13 18:04:28.446 [info] > git config --get commit.template [17ms]
2023-07-13 18:04:28.448 [info] > git for-each-ref --format=%(refname)%00%(upstream:short)%00%(objectname)%00%(upstream:track)%00%(upstream:remotename)%00%(upstream:remoteref) refs/heads/master refs/remotes/master [3ms]
2023-07-13 18:04:28.531 [info] > git status -z -uall [70ms]
2023-07-13 18:04:33.573 [info] > git config --get commit.template [16ms]
2023-07-13 18:04:33.575 [info] > git for-each-ref --format=%(refname)%00%(upstream:short)%00%(objectname)%00%(upstream:track)%00%(upstream:remotename)%00%(upstream:remoteref) refs/heads/master refs/remotes/master [4ms]
2023-07-13 18:04:33.653 [info] > git status -z -uall [66ms]
2023-07-13 18:04:38.706 [info] > git for-each-ref --format=%(refname)%00%(upstream:short)%00%(objectname)%00%(upstream:track)%00%(upstream:remotename)%00%(upstream:remoteref) refs/heads/master refs/remotes/master [1ms]
2023-07-13 18:04:38.715 [info] > git config --get commit.template [19ms]
2023-07-13 18:04:38.781 [info] > git status -z -uall [47ms]
2023-07-13 18:04:43.817 [info] > git config --get commit.template [18ms]
2023-07-13 18:04:43.819 [info] > git for-each-ref --format=%(refname)%00%(upstream:short)%00%(objectname)%00%(upstream:track)%00%(upstream:remotename)%00%(upstream:remoteref) refs/heads/master refs/remotes/master [3ms]
2023-07-13 18:04:43.902 [info] > git status -z -uall [70ms]
2023-07-13 18:04:48.927 [info] > git config --get commit.template [4ms]
2023-07-13 18:04:48.942 [info] > git for-each-ref --format=%(refname)%00%(upstream:short)%00%(objectname)%00%(upstream:track)%00%(upstream:remotename)%00%(upstream:remoteref) refs/heads/master refs/remotes/master [3ms]
2023-07-13 18:04:48.999 [info] > git status -z -uall [46ms]
2023-07-13 18:04:54.026 [info] > git config --get commit.template [4ms]
2023-07-13 18:04:54.045 [info] > git for-each-ref --format=%(refname)%00%(upstream:short)%00%(objectname)%00%(upstream:track)%00%(upstream:remotename)%00%(upstream:remoteref) refs/heads/master refs/remotes/master [2ms]
2023-07-13 18:04:54.105 [info] > git status -z -uall [48ms]
2023-07-13 18:05:22.417 [info] > git config --get commit.template [2ms]
2023-07-13 18:05:22.431 [info] > git for-each-ref --format=%(refname)%00%(upstream:short)%00%(objectname)%00%(upstream:track)%00%(upstream:remotename)%00%(upstream:remoteref) refs/heads/master refs/remotes/master [2ms]
2023-07-13 18:05:22.505 [info] > git status -z -uall [62ms]
2023-07-13 18:05:22.505 [info] > git log --format=%H%n%aN%n%aE%n%at%n%ct%n%P%n%D%n%B -z -n120 -- /home/diefero/.bash_logout [6ms]
2023-07-13 18:05:22.805 [info] > git show --textconv :.bash_logout [15ms]
2023-07-13 18:05:22.811 [info] > git ls-files --stage -- /home/diefero/.bash_logout [11ms]
2023-07-13 18:05:22.824 [info] > git cat-file -s de4f5f75d7ccd3a5b62bd2ce683ed678a5cb72c2 [3ms]
2023-07-13 18:05:24.217 [info] > git log --format=%H%n%aN%n%aE%n%at%n%ct%n%P%n%D%n%B -z -n120 -- /home/diefero/web.html [7ms]
2023-07-13 18:05:27.537 [info] > git config --get commit.template [6ms]
2023-07-13 18:05:27.553 [info] > git for-each-ref --format=%(refname)%00%(upstream:short)%00%(objectname)%00%(upstream:track)%00%(upstream:remotename)%00%(upstream:remoteref) refs/heads/master refs/remotes/master [3ms]
2023-07-13 18:05:27.620 [info] > git status -z -uall [51ms]
2023-07-13 18:05:32.665 [info] > git config --get commit.template [20ms]
2023-07-13 18:05:32.666 [info] > git for-each-ref --format=%(refname)%00%(upstream:short)%00%(objectname)%00%(upstream:track)%00%(upstream:remotename)%00%(upstream:remoteref) refs/heads/master refs/remotes/master [6ms]
2023-07-13 18:05:32.730 [info] > git status -z -uall [52ms]
2023-07-13 18:05:37.759 [info] > git config --get commit.template [5ms]
2023-07-13 18:05:37.774 [info] > git for-each-ref --format=%(refname)%00%(upstream:short)%00%(objectname)%00%(upstream:track)%00%(upstream:remotename)%00%(upstream:remoteref) refs/heads/master refs/remotes/master [5ms]
2023-07-13 18:05:37.829 [info] > git status -z -uall [45ms]
2023-07-13 18:05:42.860 [info] > git config --get commit.template [3ms]
2023-07-13 18:05:42.878 [info] > git for-each-ref --format=%(refname)%00%(upstream:short)%00%(objectname)%00%(upstream:track)%00%(upstream:remotename)%00%(upstream:remoteref) refs/heads/master refs/remotes/master [4ms]
2023-07-13 18:05:42.957 [info] > git status -z -uall [64ms]
2023-07-13 18:06:50.243 [info] > git config --get commit.template [2ms]
2023-07-13 18:06:50.254 [info] > git for-each-ref --format=%(refname)%00%(upstream:short)%00%(objectname)%00%(upstream:track)%00%(upstream:remotename)%00%(upstream:remoteref) refs/heads/master refs/remotes/master [2ms]
2023-07-13 18:06:50.301 [info] > git status -z -uall [38ms]
2023-07-13 18:06:55.327 [info] > git config --get commit.template [4ms]
2023-07-13 18:06:55.342 [info] > git for-each-ref --format=%(refname)%00%(upstream:short)%00%(objectname)%00%(upstream:track)%00%(upstream:remotename)%00%(upstream:remoteref) refs/heads/master refs/remotes/master [3ms]
2023-07-13 18:06:55.445 [info] > git status -z -uall [92ms]
2023-07-13 18:07:00.506 [info] > git rev-list --count 8c3c64fdf1bbcb53752172d8a640c60739f4426f.. -- /home/diefero/web.html [4ms]
2023-07-13 18:07:00.522 [info] > git log --format=%H%n%aN%n%aE%n%at%n%ct%n%P%n%D%n%B -z -n2 -- /home/diefero/web.html [4ms]
2023-07-13 18:07:04.268 [info] > git for-each-ref --format=%(refname)%00%(upstream:short)%00%(objectname)%00%(upstream:track)%00%(upstream:remotename)%00%(upstream:remoteref) refs/heads/master refs/remotes/master [5ms]
2023-07-13 18:07:04.268 [info] > git config --get commit.template [16ms]
2023-07-13 18:07:04.486 [info] > git status -z -uall [199ms]
2023-07-13 18:07:04.896 [info] > git ls-files --stage -- /home/diefero/web.html [34ms]
2023-07-13 18:07:04.917 [info] > git ls-files --stage -- /home/diefero/.bash_logout [39ms]
2023-07-13 18:07:04.939 [info] > git cat-file -s 3addfd36b9fabe9ad66d6338f5bc19adeca871cd [23ms]
2023-07-13 18:07:04.944 [info] > git cat-file -s de4f5f75d7ccd3a5b62bd2ce683ed678a5cb72c2 [11ms]
2023-07-13 18:07:05.097 [info] > git show --textconv :web.html [33ms]
2023-07-13 18:07:05.105 [info] > git show --textconv :.bash_logout [10ms]
2023-07-13 18:07:58.977 [info] > git rev-list --count 8c3c64fdf1bbcb53752172d8a640c60739f4426f.. -- /home/diefero/web.html [2ms]
2023-07-13 18:07:58.995 [info] > git log --format=%H%n%aN%n%aE%n%at%n%ct%n%P%n%D%n%B -z -n2 -- /home/diefero/web.html [4ms]
2023-07-13 18:08:58.992 [info] > git rev-list --count 8c3c64fdf1bbcb53752172d8a640c60739f4426f.. -- /home/diefero/web.html [3ms]
2023-07-13 18:08:59.010 [info] > git log --format=%H%n%aN%n%aE%n%at%n%ct%n%P%n%D%n%B -z -n2 -- /home/diefero/web.html [3ms]
2023-07-13 18:09:06.159 [info] > git rev-list --count 8c3c64fdf1bbcb53752172d8a640c60739f4426f.. -- /home/diefero/web.html [7ms]
2023-07-13 18:09:06.186 [info] > git log --format=%H%n%aN%n%aE%n%at%n%ct%n%P%n%D%n%B -z -n2 -- /home/diefero/web.html [11ms]
2023-07-13 18:10:18.985 [info] > git rev-list --count 8c3c64fdf1bbcb53752172d8a640c60739f4426f.. -- /home/diefero/web.html [4ms]
2023-07-13 18:10:19.005 [info] > git log --format=%H%n%aN%n%aE%n%at%n%ct%n%P%n%D%n%B -z -n3 -- /home/diefero/web.html [3ms]
2023-07-13 18:11:36.383 [info] > git rev-list --count 8c3c64fdf1bbcb53752172d8a640c60739f4426f.. -- /home/diefero/web.html [7ms]
2023-07-13 18:11:36.397 [info] > git log --format=%H%n%aN%n%aE%n%at%n%ct%n%P%n%D%n%B -z -n3 -- /home/diefero/web.html [4ms]
2023-07-13 18:11:55.625 [info] > git rev-list --count 8c3c64fdf1bbcb53752172d8a640c60739f4426f.. -- /home/diefero/web.html [4ms]
2023-07-13 18:11:55.639 [info] > git log --format=%H%n%aN%n%aE%n%at%n%ct%n%P%n%D%n%B -z -n3 -- /home/diefero/web.html [5ms]
2023-07-13 18:12:00.496 [info] > git rev-list --count 8c3c64fdf1bbcb53752172d8a640c60739f4426f.. -- /home/diefero/web.html [10ms]
2023-07-13 18:12:00.512 [info] > git log --format=%H%n%aN%n%aE%n%at%n%ct%n%P%n%D%n%B -z -n3 -- /home/diefero/web.html [2ms]
2023-07-13 18:22:53.347 [info] > git config --get commit.template [32ms]
2023-07-13 18:22:53.349 [info] > git ls-files --stage -- /home/diefero/web.html [11ms]
2023-07-13 18:22:53.359 [info] > git for-each-ref --format=%(refname)%00%(upstream:short)%00%(objectname)%00%(upstream:track)%00%(upstream:remotename)%00%(upstream:remoteref) refs/heads/master refs/remotes/master [31ms]
2023-07-13 18:22:53.369 [info] > git cat-file -s 96a8b6902e498a3713763bf2fa56c11066793fdb [11ms]
2023-07-13 18:22:53.371 [info] > git ls-files --stage -- /home/diefero/.bash_logout [25ms]
2023-07-13 18:22:53.406 [info] > git cat-file -s de4f5f75d7ccd3a5b62bd2ce683ed678a5cb72c2 [8ms]
2023-07-13 18:22:53.486 [info] > git show --textconv :web.html [46ms]
2023-07-13 18:22:53.500 [info] > git show --textconv :.bash_logout [19ms]
2023-07-13 18:22:53.526 [info] > git status -z -uall [158ms]
2023-07-13 18:23:09.344 [info] > git config --get commit.template [14ms]
2023-07-13 18:23:09.346 [info] > git for-each-ref --format=%(refname)%00%(upstream:short)%00%(objectname)%00%(upstream:track)%00%(upstream:remotename)%00%(upstream:remoteref) refs/heads/master refs/remotes/master [4ms]
2023-07-13 18:23:09.508 [info] > git status -z -uall [153ms]
2023-07-13 18:23:14.541 [info] > git config --get commit.template [15ms]
2023-07-13 18:23:14.542 [info] > git for-each-ref --format=%(refname)%00%(upstream:short)%00%(objectname)%00%(upstream:track)%00%(upstream:remotename)%00%(upstream:remoteref) refs/heads/master refs/remotes/master [3ms]
2023-07-13 18:23:14.622 [info] > git status -z -uall [70ms]
2023-07-13 18:23:34.777 [info] > git config --get commit.template [19ms]
2023-07-13 18:23:34.778 [info] > git for-each-ref --format=%(refname)%00%(upstream:short)%00%(objectname)%00%(upstream:track)%00%(upstream:remotename)%00%(upstream:remoteref) refs/heads/master refs/remotes/master [5ms]
2023-07-13 18:23:34.846 [info] > git status -z -uall [52ms]
2023-07-13 19:00:46.406 [info] > git config --get commit.template [13ms]
2023-07-13 19:00:46.412 [info] > git for-each-ref --format=%(refname)%00%(upstream:short)%00%(objectname)%00%(upstream:track)%00%(upstream:remotename)%00%(upstream:remoteref) refs/heads/master refs/remotes/master [5ms]
2023-07-13 19:00:46.469 [info] > git status -z -uall [46ms]
2023-07-13 19:01:14.896 [info] > git rev-list --count 8c3c64fdf1bbcb53752172d8a640c60739f4426f.. -- /home/diefero/web.html [7ms]
2023-07-13 19:01:14.917 [info] > git log --format=%H%n%aN%n%aE%n%at%n%ct%n%P%n%D%n%B -z -n3 -- /home/diefero/web.html [4ms]
2023-07-13 19:01:28.008 [info] > git rev-list --count 8c3c64fdf1bbcb53752172d8a640c60739f4426f.. -- /home/diefero/web.html [5ms]
2023-07-13 19:01:28.029 [info] > git log --format=%H%n%aN%n%aE%n%at%n%ct%n%P%n%D%n%B -z -n3 -- /home/diefero/web.html [5ms]
2023-07-13 19:01:32.125 [info] > git rev-list --count 8c3c64fdf1bbcb53752172d8a640c60739f4426f.. -- /home/diefero/web.html [6ms]
2023-07-13 19:01:32.148 [info] > git log --format=%H%n%aN%n%aE%n%at%n%ct%n%P%n%D%n%B -z -n3 -- /home/diefero/web.html [9ms]
2023-07-13 19:03:11.834 [info] > git config --get commit.template [16ms]
2023-07-13 19:03:11.835 [info] > git for-each-ref --format=%(refname)%00%(upstream:short)%00%(objectname)%00%(upstream:track)%00%(upstream:remotename)%00%(upstream:remoteref) refs/heads/master refs/remotes/master [2ms]
2023-07-13 19:03:11.967 [info] > git status -z -uall [117ms]
2023-07-13 19:03:11.968 [info] > git ls-files --stage -- /home/diefero/web.html [27ms]
2023-07-13 19:03:12.016 [info] > git cat-file -s 96a8b6902e498a3713763bf2fa56c11066793fdb [22ms]
2023-07-13 19:03:12.018 [info] > git ls-files --stage -- /home/diefero/.bash_logout [57ms]
2023-07-13 19:03:12.045 [info] > git cat-file -s de4f5f75d7ccd3a5b62bd2ce683ed678a5cb72c2 [7ms]
2023-07-13 19:03:12.353 [info] > git show --textconv :web.html [22ms]
2023-07-13 19:03:12.357 [info] > git show --textconv :.bash_logout [10ms]
2023-07-13 19:07:06.656 [info] > git rev-list --count 8c3c64fdf1bbcb53752172d8a640c60739f4426f.. -- /home/diefero/web.html [5ms]
2023-07-13 19:07:06.673 [info] > git log --format=%H%n%aN%n%aE%n%at%n%ct%n%P%n%D%n%B -z -n3 -- /home/diefero/web.html [4ms]
2023-07-13 19:10:59.230 [info] > git config --get commit.template [59ms]
2023-07-13 19:10:59.244 [info] > git for-each-ref --format=%(refname)%00%(upstream:short)%00%(objectname)%00%(upstream:track)%00%(upstream:remotename)%00%(upstream:remoteref) refs/heads/master refs/remotes/master [59ms]
2023-07-13 19:10:59.277 [info] > git ls-files --stage -- /home/diefero/web.html [71ms]
2023-07-13 19:10:59.301 [info] > git ls-files --stage -- /home/diefero/.bash_logout [74ms]
2023-07-13 19:10:59.324 [info] > git cat-file -s de4f5f75d7ccd3a5b62bd2ce683ed678a5cb72c2 [10ms]
2023-07-13 19:10:59.325 [info] > git cat-file -s 96a8b6902e498a3713763bf2fa56c11066793fdb [25ms]
2023-07-13 19:10:59.412 [info] > git show --textconv :.bash_logout [19ms]
2023-07-13 19:10:59.420 [info] > git status -z -uall [144ms]
2023-07-13 19:10:59.436 [info] > git show --textconv :web.html [25ms]
2023-07-13 19:13:00.322 [info] > git config --get commit.template [31ms]
2023-07-13 19:13:00.334 [info] > git for-each-ref --format=%(refname)%00%(upstream:short)%00%(objectname)%00%(upstream:track)%00%(upstream:remotename)%00%(upstream:remoteref) refs/heads/master refs/remotes/master [16ms]
2023-07-13 19:13:00.485 [info] > git status -z -uall [126ms]
2023-07-13 19:13:05.507 [info] > git config --get commit.template [2ms]
2023-07-13 19:13:05.518 [info] > git for-each-ref --format=%(refname)%00%(upstream:short)%00%(objectname)%00%(upstream:track)%00%(upstream:remotename)%00%(upstream:remoteref) refs/heads/master refs/remotes/master [2ms]
2023-07-13 19:13:05.570 [info] > git status -z -uall [42ms]
2023-07-13 19:13:10.601 [info] > git config --get commit.template [10ms]
2023-07-13 19:13:10.602 [info] > git for-each-ref --format=%(refname)%00%(upstream:short)%00%(objectname)%00%(upstream:track)%00%(upstream:remotename)%00%(upstream:remoteref) refs/heads/master refs/remotes/master [2ms]
2023-07-13 19:13:10.651 [info] > git status -z -uall [41ms]
2023-07-13 19:13:15.691 [info] > git config --get commit.template [18ms]
2023-07-13 19:13:15.692 [info] > git for-each-ref --format=%(refname)%00%(upstream:short)%00%(objectname)%00%(upstream:track)%00%(upstream:remotename)%00%(upstream:remoteref) refs/heads/master refs/remotes/master [4ms]
2023-07-13 19:13:15.747 [info] > git status -z -uall [44ms]
2023-07-13 19:13:20.787 [info] > git config --get commit.template [19ms]
2023-07-13 19:13:20.790 [info] > git for-each-ref --format=%(refname)%00%(upstream:short)%00%(objectname)%00%(upstream:track)%00%(upstream:remotename)%00%(upstream:remoteref) refs/heads/master refs/remotes/master [5ms]
2023-07-13 19:13:20.843 [info] > git status -z -uall [43ms]
2023-07-13 19:13:25.872 [info] > git config --get commit.template [4ms]
2023-07-13 19:13:25.890 [info] > git for-each-ref --format=%(refname)%00%(upstream:short)%00%(objectname)%00%(upstream:track)%00%(upstream:remotename)%00%(upstream:remoteref) refs/heads/master refs/remotes/master [3ms]
2023-07-13 19:13:25.945 [info] > git status -z -uall [44ms]
2023-07-13 19:13:30.979 [info] > git config --get commit.template [16ms]
2023-07-13 19:13:30.980 [info] > git for-each-ref --format=%(refname)%00%(upstream:short)%00%(objectname)%00%(upstream:track)%00%(upstream:remotename)%00%(upstream:remoteref) refs/heads/master refs/remotes/master [3ms]
2023-07-13 19:13:31.028 [info] > git status -z -uall [36ms]
2023-07-13 19:13:36.063 [info] > git config --get commit.template [15ms]
2023-07-13 19:13:36.064 [info] > git for-each-ref --format=%(refname)%00%(upstream:short)%00%(objectname)%00%(upstream:track)%00%(upstream:remotename)%00%(upstream:remoteref) refs/heads/master refs/remotes/master [2ms]
2023-07-13 19:13:36.115 [info] > git status -z -uall [42ms]
2023-07-13 19:13:41.156 [info] > git config --get commit.template [18ms]
2023-07-13 19:13:41.157 [info] > git for-each-ref --format=%(refname)%00%(upstream:short)%00%(objectname)%00%(upstream:track)%00%(upstream:remotename)%00%(upstream:remoteref) refs/heads/master refs/remotes/master [5ms]
2023-07-13 19:13:41.214 [info] > git status -z -uall [45ms]
2023-07-13 19:13:46.249 [info] > git config --get commit.template [15ms]
2023-07-13 19:13:46.250 [info] > git for-each-ref --format=%(refname)%00%(upstream:short)%00%(objectname)%00%(upstream:track)%00%(upstream:remotename)%00%(upstream:remoteref) refs/heads/master refs/remotes/master [3ms]
2023-07-13 19:13:46.294 [info] > git status -z -uall [36ms]
2023-07-13 19:13:52.246 [info] > git config --get commit.template [18ms]
2023-07-13 19:13:52.247 [info] > git for-each-ref --format=%(refname)%00%(upstream:short)%00%(objectname)%00%(upstream:track)%00%(upstream:remotename)%00%(upstream:remoteref) refs/heads/master refs/remotes/master [3ms]
2023-07-13 19:13:52.296 [info] > git status -z -uall [39ms]
2023-07-13 19:13:57.334 [info] > git config --get commit.template [17ms]
2023-07-13 19:13:57.335 [info] > git for-each-ref --format=%(refname)%00%(upstream:short)%00%(objectname)%00%(upstream:track)%00%(upstream:remotename)%00%(upstream:remoteref) refs/heads/master refs/remotes/master [3ms]
2023-07-13 19:13:57.381 [info] > git status -z -uall [36ms]
2023-07-13 19:14:02.410 [info] > git config --get commit.template [14ms]
2023-07-13 19:14:02.413 [info] > git for-each-ref --format=%(refname)%00%(upstream:short)%00%(objectname)%00%(upstream:track)%00%(upstream:remotename)%00%(upstream:remoteref) refs/heads/master refs/remotes/master [3ms]
2023-07-13 19:14:02.471 [info] > git status -z -uall [48ms]
2023-07-13 19:14:07.507 [info] > git config --get commit.template [14ms]
2023-07-13 19:14:07.508 [info] > git for-each-ref --format=%(refname)%00%(upstream:short)%00%(objectname)%00%(upstream:track)%00%(upstream:remotename)%00%(upstream:remoteref) refs/heads/master refs/remotes/master [2ms]
2023-07-13 19:14:07.560 [info] > git status -z -uall [42ms]
2023-07-13 19:14:12.605 [info] > git config --get commit.template [23ms]
2023-07-13 19:14:12.606 [info] > git for-each-ref --format=%(refname)%00%(upstream:short)%00%(objectname)%00%(upstream:track)%00%(upstream:remotename)%00%(upstream:remoteref) refs/heads/master refs/remotes/master [2ms]
2023-07-13 19:14:12.660 [info] > git status -z -uall [46ms]
2023-07-13 19:14:17.702 [info] > git config --get commit.template [18ms]
2023-07-13 19:14:17.704 [info] > git for-each-ref --format=%(refname)%00%(upstream:short)%00%(objectname)%00%(upstream:track)%00%(upstream:remotename)%00%(upstream:remoteref) refs/heads/master refs/remotes/master [4ms]
2023-07-13 19:14:17.758 [info] > git status -z -uall [44ms]
2023-07-13 19:14:22.799 [info] > git config --get commit.template [19ms]
2023-07-13 19:14:22.802 [info] > git for-each-ref --format=%(refname)%00%(upstream:short)%00%(objectname)%00%(upstream:track)%00%(upstream:remotename)%00%(upstream:remoteref) refs/heads/master refs/remotes/master [6ms]
2023-07-13 19:14:22.859 [info] > git status -z -uall [46ms]
2023-07-13 19:14:27.887 [info] > git config --get commit.template [13ms]
2023-07-13 19:14:27.888 [info] > git for-each-ref --format=%(refname)%00%(upstream:short)%00%(objectname)%00%(upstream:track)%00%(upstream:remotename)%00%(upstream:remoteref) refs/heads/master refs/remotes/master [2ms]
2023-07-13 19:14:27.936 [info] > git status -z -uall [38ms]
2023-07-13 19:14:32.962 [info] > git config --get commit.template [4ms]
2023-07-13 19:14:32.974 [info] > git for-each-ref --format=%(refname)%00%(upstream:short)%00%(objectname)%00%(upstream:track)%00%(upstream:remotename)%00%(upstream:remoteref) refs/heads/master refs/remotes/master [2ms]
2023-07-13 19:14:33.019 [info] > git status -z -uall [36ms]
2023-07-13 19:14:38.052 [info] > git config --get commit.template [1ms]
2023-07-13 19:14:38.065 [info] > git for-each-ref --format=%(refname)%00%(upstream:short)%00%(objectname)%00%(upstream:track)%00%(upstream:remotename)%00%(upstream:remoteref) refs/heads/master refs/remotes/master [0ms]
2023-07-13 19:14:38.118 [info] > git status -z -uall [25ms]
2023-07-13 19:14:43.152 [info] > git config --get commit.template [15ms]
2023-07-13 19:14:43.154 [info] > git for-each-ref --format=%(refname)%00%(upstream:short)%00%(objectname)%00%(upstream:track)%00%(upstream:remotename)%00%(upstream:remoteref) refs/heads/master refs/remotes/master [4ms]
2023-07-13 19:14:43.202 [info] > git status -z -uall [37ms]
2023-07-13 19:14:48.228 [info] > git config --get commit.template [5ms]
2023-07-13 19:14:48.248 [info] > git for-each-ref --format=%(refname)%00%(upstream:short)%00%(objectname)%00%(upstream:track)%00%(upstream:remotename)%00%(upstream:remoteref) refs/heads/master refs/remotes/master [6ms]
2023-07-13 19:14:48.309 [info] > git status -z -uall [48ms]
2023-07-13 19:14:53.336 [info] > git config --get commit.template [12ms]
2023-07-13 19:14:53.337 [info] > git for-each-ref --format=%(refname)%00%(upstream:short)%00%(objectname)%00%(upstream:track)%00%(upstream:remotename)%00%(upstream:remoteref) refs/heads/master refs/remotes/master [3ms]
2023-07-13 19:14:53.386 [info] > git status -z -uall [41ms]
2023-07-13 19:14:58.418 [info] > git config --get commit.template [11ms]
2023-07-13 19:14:58.420 [info] > git for-each-ref --format=%(refname)%00%(upstream:short)%00%(objectname)%00%(upstream:track)%00%(upstream:remotename)%00%(upstream:remoteref) refs/heads/master refs/remotes/master [1ms]
2023-07-13 19:14:58.469 [info] > git status -z -uall [42ms]
2023-07-13 19:15:03.495 [info] > git config --get commit.template [4ms]
2023-07-13 19:15:03.510 [info] > git for-each-ref --format=%(refname)%00%(upstream:short)%00%(objectname)%00%(upstream:track)%00%(upstream:remotename)%00%(upstream:remoteref) refs/heads/master refs/remotes/master [3ms]
2023-07-13 19:15:03.552 [info] > git status -z -uall [33ms]
2023-07-13 19:15:08.585 [info] > git config --get commit.template [12ms]
2023-07-13 19:15:08.586 [info] > git for-each-ref --format=%(refname)%00%(upstream:short)%00%(objectname)%00%(upstream:track)%00%(upstream:remotename)%00%(upstream:remoteref) refs/heads/master refs/remotes/master [1ms]
2023-07-13 19:15:08.628 [info] > git status -z -uall [33ms]
2023-07-13 19:15:13.664 [info] > git config --get commit.template [11ms]
2023-07-13 19:15:13.665 [info] > git for-each-ref --format=%(refname)%00%(upstream:short)%00%(objectname)%00%(upstream:track)%00%(upstream:remotename)%00%(upstream:remoteref) refs/heads/master refs/remotes/master [4ms]
2023-07-13 19:15:13.708 [info] > git status -z -uall [36ms]
2023-07-13 19:15:18.737 [info] > git config --get commit.template [7ms]
2023-07-13 19:15:18.753 [info] > git for-each-ref --format=%(refname)%00%(upstream:short)%00%(objectname)%00%(upstream:track)%00%(upstream:remotename)%00%(upstream:remoteref) refs/heads/master refs/remotes/master [2ms]
2023-07-13 19:15:18.805 [info] > git status -z -uall [41ms]
2023-07-13 19:15:23.832 [info] > git config --get commit.template [6ms]
2023-07-13 19:15:23.852 [info] > git for-each-ref --format=%(refname)%00%(upstream:short)%00%(objectname)%00%(upstream:track)%00%(upstream:remotename)%00%(upstream:remoteref) refs/heads/master refs/remotes/master [2ms]
2023-07-13 19:15:23.907 [info] > git status -z -uall [44ms]
2023-07-13 19:15:28.945 [info] > git config --get commit.template [12ms]
2023-07-13 19:15:28.946 [info] > git for-each-ref --format=%(refname)%00%(upstream:short)%00%(objectname)%00%(upstream:track)%00%(upstream:remotename)%00%(upstream:remoteref) refs/heads/master refs/remotes/master [2ms]
2023-07-13 19:15:29.013 [info] > git status -z -uall [56ms]
2023-07-13 19:15:34.051 [info] > git config --get commit.template [16ms]
2023-07-13 19:15:34.052 [info] > git for-each-ref --format=%(refname)%00%(upstream:short)%00%(objectname)%00%(upstream:track)%00%(upstream:remotename)%00%(upstream:remoteref) refs/heads/master refs/remotes/master [3ms]
2023-07-13 19:15:34.098 [info] > git status -z -uall [38ms]
2023-07-13 19:15:39.126 [info] > git config --get commit.template [5ms]
2023-07-13 19:15:39.143 [info] > git for-each-ref --format=%(refname)%00%(upstream:short)%00%(objectname)%00%(upstream:track)%00%(upstream:remotename)%00%(upstream:remoteref) refs/heads/master refs/remotes/master [4ms]
2023-07-13 19:15:39.198 [info] > git status -z -uall [43ms]
2023-07-13 19:15:44.233 [info] > git config --get commit.template [13ms]
2023-07-13 19:15:44.235 [info] > git for-each-ref --format=%(refname)%00%(upstream:short)%00%(objectname)%00%(upstream:track)%00%(upstream:remotename)%00%(upstream:remoteref) refs/heads/master refs/remotes/master [3ms]
2023-07-13 19:15:44.286 [info] > git status -z -uall [42ms]
2023-07-13 19:15:49.316 [info] > git config --get commit.template [3ms]
2023-07-13 19:15:49.334 [info] > git for-each-ref --format=%(refname)%00%(upstream:short)%00%(objectname)%00%(upstream:track)%00%(upstream:remotename)%00%(upstream:remoteref) refs/heads/master refs/remotes/master [3ms]
2023-07-13 19:15:49.400 [info] > git status -z -uall [56ms]
2023-07-13 19:15:54.424 [info] > git config --get commit.template [3ms]
2023-07-13 19:15:54.438 [info] > git for-each-ref --format=%(refname)%00%(upstream:short)%00%(objectname)%00%(upstream:track)%00%(upstream:remotename)%00%(upstream:remoteref) refs/heads/master refs/remotes/master [3ms]
2023-07-13 19:15:54.489 [info] > git status -z -uall [39ms]
2023-07-13 19:15:59.523 [info] > git config --get commit.template [13ms]
2023-07-13 19:15:59.525 [info] > git for-each-ref --format=%(refname)%00%(upstream:short)%00%(objectname)%00%(upstream:track)%00%(upstream:remotename)%00%(upstream:remoteref) refs/heads/master refs/remotes/master [3ms]
2023-07-13 19:15:59.574 [info] > git status -z -uall [39ms]
2023-07-13 19:16:04.615 [info] > git config --get commit.template [19ms]
2023-07-13 19:16:04.617 [info] > git for-each-ref --format=%(refname)%00%(upstream:short)%00%(objectname)%00%(upstream:track)%00%(upstream:remotename)%00%(upstream:remoteref) refs/heads/master refs/remotes/master [4ms]
2023-07-13 19:16:04.675 [info] > git status -z -uall [46ms]
2023-07-13 19:16:09.721 [info] > git config --get commit.template [19ms]
2023-07-13 19:16:09.721 [info] > git for-each-ref --format=%(refname)%00%(upstream:short)%00%(objectname)%00%(upstream:track)%00%(upstream:remotename)%00%(upstream:remoteref) refs/heads/master refs/remotes/master [3ms]
2023-07-13 19:16:09.766 [info] > git status -z -uall [36ms]
2023-07-13 19:16:14.788 [info] > git config --get commit.template [5ms]
2023-07-13 19:16:14.801 [info] > git for-each-ref --format=%(refname)%00%(upstream:short)%00%(objectname)%00%(upstream:track)%00%(upstream:remotename)%00%(upstream:remoteref) refs/heads/master refs/remotes/master [3ms]
2023-07-13 19:16:14.860 [info] > git status -z -uall [48ms]
2023-07-13 19:16:19.898 [info] > git config --get commit.template [17ms]
2023-07-13 19:16:19.902 [info] > git for-each-ref --format=%(refname)%00%(upstream:short)%00%(objectname)%00%(upstream:track)%00%(upstream:remotename)%00%(upstream:remoteref) refs/heads/master refs/remotes/master [5ms]
2023-07-13 19:16:19.955 [info] > git status -z -uall [43ms]
2023-07-13 19:16:24.979 [info] > git config --get commit.template [5ms]
2023-07-13 19:16:24.993 [info] > git for-each-ref --format=%(refname)%00%(upstream:short)%00%(objectname)%00%(upstream:track)%00%(upstream:remotename)%00%(upstream:remoteref) refs/heads/master refs/remotes/master [2ms]
2023-07-13 19:16:25.043 [info] > git status -z -uall [42ms]
2023-07-13 19:16:30.066 [info] > git config --get commit.template [2ms]
2023-07-13 19:16:30.079 [info] > git for-each-ref --format=%(refname)%00%(upstream:short)%00%(objectname)%00%(upstream:track)%00%(upstream:remotename)%00%(upstream:remoteref) refs/heads/master refs/remotes/master [3ms]
2023-07-13 19:16:30.127 [info] > git status -z -uall [38ms]
2023-07-13 19:16:35.166 [info] > git config --get commit.template [17ms]
2023-07-13 19:16:35.167 [info] > git for-each-ref --format=%(refname)%00%(upstream:short)%00%(objectname)%00%(upstream:track)%00%(upstream:remotename)%00%(upstream:remoteref) refs/heads/master refs/remotes/master [2ms]
2023-07-13 19:16:35.218 [info] > git status -z -uall [42ms]
2023-07-13 19:16:42.785 [info] > git config --get commit.template [6ms]
2023-07-13 19:16:42.799 [info] > git for-each-ref --format=%(refname)%00%(upstream:short)%00%(objectname)%00%(upstream:track)%00%(upstream:remotename)%00%(upstream:remoteref) refs/heads/master refs/remotes/master [2ms]
2023-07-13 19:16:42.915 [info] > git status -z -uall [101ms]
2023-07-13 19:16:47.960 [info] > git config --get commit.template [20ms]
2023-07-13 19:16:47.961 [info] > git for-each-ref --format=%(refname)%00%(upstream:short)%00%(objectname)%00%(upstream:track)%00%(upstream:remotename)%00%(upstream:remoteref) refs/heads/master refs/remotes/master [6ms]
2023-07-13 19:16:48.036 [info] > git status -z -uall [62ms]
2023-07-13 19:16:53.067 [info] > git config --get commit.template [13ms]
2023-07-13 19:16:53.068 [info] > git for-each-ref --format=%(refname)%00%(upstream:short)%00%(objectname)%00%(upstream:track)%00%(upstream:remotename)%00%(upstream:remoteref) refs/heads/master refs/remotes/master [3ms]
2023-07-13 19:16:53.117 [info] > git status -z -uall [40ms]
2023-07-13 19:16:58.137 [info] > git config --get commit.template [4ms]
2023-07-13 19:16:58.151 [info] > git for-each-ref --format=%(refname)%00%(upstream:short)%00%(objectname)%00%(upstream:track)%00%(upstream:remotename)%00%(upstream:remoteref) refs/heads/master refs/remotes/master [3ms]
2023-07-13 19:16:58.207 [info] > git status -z -uall [45ms]
2023-07-13 19:17:03.239 [info] > git config --get commit.template [16ms]
2023-07-13 19:17:03.240 [info] > git for-each-ref --format=%(refname)%00%(upstream:short)%00%(objectname)%00%(upstream:track)%00%(upstream:remotename)%00%(upstream:remoteref) refs/heads/master refs/remotes/master [2ms]
2023-07-13 19:17:03.302 [info] > git status -z -uall [51ms]
2023-07-13 19:17:11.170 [info] > git config --get commit.template [16ms]
2023-07-13 19:17:11.171 [info] > git for-each-ref --format=%(refname)%00%(upstream:short)%00%(objectname)%00%(upstream:track)%00%(upstream:remotename)%00%(upstream:remoteref) refs/heads/master refs/remotes/master [2ms]
2023-07-13 19:17:11.239 [info] > git status -z -uall [54ms]
2023-07-13 19:17:16.258 [info] > git config --get commit.template [2ms]
2023-07-13 19:17:16.271 [info] > git for-each-ref --format=%(refname)%00%(upstream:short)%00%(objectname)%00%(upstream:track)%00%(upstream:remotename)%00%(upstream:remoteref) refs/heads/master refs/remotes/master [2ms]
2023-07-13 19:17:16.326 [info] > git status -z -uall [44ms]
2023-07-13 19:17:21.356 [info] > git config --get commit.template [15ms]
2023-07-13 19:17:21.358 [info] > git for-each-ref --format=%(refname)%00%(upstream:short)%00%(objectname)%00%(upstream:track)%00%(upstream:remotename)%00%(upstream:remoteref) refs/heads/master refs/remotes/master [3ms]
2023-07-13 19:17:21.430 [info] > git status -z -uall [63ms]
2023-07-13 19:17:27.688 [info] > git rev-list --count 8c3c64fdf1bbcb53752172d8a640c60739f4426f.. -- /home/diefero/web.html [3ms]
2023-07-13 19:17:27.717 [info] > git log --format=%H%n%aN%n%aE%n%at%n%ct%n%P%n%D%n%B -z -n3 -- /home/diefero/web.html [11ms]
